<?xml version="1.0" encoding="utf-8"?><testsuites><testsuite name="pytest" errors="0" failures="0" skipped="0" tests="9" time="28.114" timestamp="2023-10-01T19:27:25.515519" hostname="RA-DELL3490"><testcase classname="bdd.group_scenarios" name="test_add_new_group[name1-header1-footer1]" time="9.341" /><testcase classname="bdd.group_scenarios" name="test_add_new_group[name2-header2-footer2]" time="1.588" /><testcase classname="bdd.group_scenarios" name="test_add_new_group[name3-header3-footer3]" time="1.559" /><testcase classname="bdd.group_scenarios" name="test_delete_group" time="0.493" /><testcase classname="bdd.contact_scenarios" name="test_add_new_contact[FirstName1-LastName1-Address1-+(111)-111-11-11-email1@email1-sss.rr-email2@email1-sss.rr-email3@email1-sss.rr]" time="2.671" /><testcase classname="bdd.contact_scenarios" name="test_add_new_contact[FirstName2-LastName2-Address2-+(222) 222 22 22-email1@email2-sss.rr-email2@email2-sss.rr-email3@email2-sss.rr]" time="2.691" /><testcase classname="bdd.contact_scenarios" name="test_add_new_contact[FirstName3-LastName3-Address3-+(333)333333-email1@email3-sss.rr-email2@email3-sss.rr-email3@email3-sss.rr]" time="2.740" /><testcase classname="bdd.contact_scenarios" name="test_update_random_contact[UpdatedFirstName1-UpdatedLastName1-UpdatedAddress1-+(927)-123-45-678-updated_email1@email1-rrr.ss-updated_email2@email2-rrr.ss-updated_email3@email3-rrr.ss]" time="2.724" /><testcase classname="bdd.contact_scenarios" name="test_delete_random_contact" time="4.261" /></testsuite></testsuites>